#-----------------------------------------------------------
# Vivado v2018.3 (64-bit)
# SW Build 2405991 on Thu Dec  6 23:38:27 MST 2018
# IP Build 2404404 on Fri Dec  7 01:43:56 MST 2018
# Start of session at: Sun Dec 24 12:09:32 2023
# Process ID: 18584
# Current directory: C:/Users/marco/Desktop/Progetti_Vivado/SIPO_Register_Behavioural
# Command line: vivado.exe -gui_launcher_event rodinguilauncherevent2584 C:\Users\marco\Desktop\Progetti_Vivado\SIPO_Register_Behavioural\SIPO_Register_Behavioural.xpr
# Log file: C:/Users/marco/Desktop/Progetti_Vivado/SIPO_Register_Behavioural/vivado.log
# Journal file: C:/Users/marco/Desktop/Progetti_Vivado/SIPO_Register_Behavioural\vivado.jou
#-----------------------------------------------------------
start_gui
open_project C:/Users/marco/Desktop/Progetti_Vivado/SIPO_Register_Behavioural/SIPO_Register_Behavioural.xpr
Scanning sources...
Finished scanning sources
INFO: [IP_Flow 19-234] Refreshing IP repositories
INFO: [IP_Flow 19-1704] No user IP repositories specified
INFO: [IP_Flow 19-2313] Loaded Vivado IP repository 'C:/Xilinx/Vivado/2018.3/data/ip'.
open_project: Time (s): cpu = 00:00:05 ; elapsed = 00:00:06 . Memory (MB): peak = 716.348 ; gain = 106.062
update_compile_order -fileset sources_1
exit
INFO: [Common 17-206] Exiting Vivado at Sun Dec 24 14:00:17 2023...
