#-----------------------------------------------------------
# Vivado v2018.3 (64-bit)
# SW Build 2405991 on Thu Dec  6 23:38:27 MST 2018
# IP Build 2404404 on Fri Dec  7 01:43:56 MST 2018
# Start of session at: Tue Dec 26 15:30:34 2023
# Process ID: 20816
# Current directory: C:/Users/marco/Desktop/Progetti_Vivado/SIPO_Register
# Command line: vivado.exe -gui_launcher_event rodinguilauncherevent24224 C:\Users\marco\Desktop\Progetti_Vivado\SIPO_Register\SIPO_Register.xpr
# Log file: C:/Users/marco/Desktop/Progetti_Vivado/SIPO_Register/vivado.log
# Journal file: C:/Users/marco/Desktop/Progetti_Vivado/SIPO_Register\vivado.jou
#-----------------------------------------------------------
start_gui
open_project C:/Users/marco/Desktop/Progetti_Vivado/SIPO_Register/SIPO_Register.xpr
Scanning sources...
Finished scanning sources
INFO: [IP_Flow 19-234] Refreshing IP repositories
INFO: [IP_Flow 19-1704] No user IP repositories specified
INFO: [IP_Flow 19-2313] Loaded Vivado IP repository 'C:/Xilinx/Vivado/2018.3/data/ip'.
open_project: Time (s): cpu = 00:00:03 ; elapsed = 00:00:05 . Memory (MB): peak = 672.883 ; gain = 88.125
update_compile_order -fileset sources_1
reset_run synth_1
launch_runs synth_1 -jobs 4
[Tue Dec 26 15:47:37 2023] Launched synth_1...
Run output will be captured here: C:/Users/marco/Desktop/Progetti_Vivado/SIPO_Register/SIPO_Register.runs/synth_1/runme.log
launch_simulation
INFO: [Vivado 12-5682] Launching behavioral simulation in 'C:/Users/marco/Desktop/Progetti_Vivado/SIPO_Register/SIPO_Register.sim/sim_1/behav/xsim'
INFO: [SIM-utils-51] Simulation object is 'sim_1'
INFO: [SIM-utils-54] Inspecting design source files for 'SIPO' in fileset 'sim_1'...
INFO: [USF-XSim-97] Finding global include files...
INFO: [USF-XSim-98] Fetching design files from 'sim_1'...
INFO: [USF-XSim-2] XSim::Compile design
INFO: [USF-XSim-61] Executing 'COMPILE and ANALYZE' step in 'C:/Users/marco/Desktop/Progetti_Vivado/SIPO_Register/SIPO_Register.sim/sim_1/behav/xsim'
"xvhdl --incr --relax -prj SIPO_vhdl.prj"
INFO: [VRFC 10-163] Analyzing VHDL file "C:/Users/marco/Desktop/Progetti_Vivado/SIPO_Register/SIPO_Register.srcs/sources_1/new/SIPO.vhd" into library xil_defaultlib
INFO: [VRFC 10-3107] analyzing entity 'SIPO'
INFO: [USF-XSim-69] 'compile' step finished in '2' seconds
INFO: [USF-XSim-3] XSim::Elaborate design
INFO: [USF-XSim-61] Executing 'ELABORATE' step in 'C:/Users/marco/Desktop/Progetti_Vivado/SIPO_Register/SIPO_Register.sim/sim_1/behav/xsim'
Vivado Simulator 2018.3
Copyright 1986-1999, 2001-2018 Xilinx, Inc. All Rights Reserved.
Running: C:/Xilinx/Vivado/2018.3/bin/unwrapped/win64.o/xelab.exe -wto 21f7546921364cfa9fddd401da848a2d --incr --debug typical --relax --mt 2 -L xil_defaultlib -L secureip --snapshot SIPO_behav xil_defaultlib.SIPO -log elaborate.log 
Using 2 slave threads.
Starting static elaboration
Completed static elaboration
Starting simulation data flow analysis
Completed simulation data flow analysis
Time Resolution for simulation is 1ps
Compiling package std.standard
Compiling package std.textio
Compiling package ieee.std_logic_1164
Compiling architecture behavioral of entity xil_defaultlib.ff_d [ff_d_default]
Compiling architecture behavioral of entity xil_defaultlib.sipo
Built simulation snapshot SIPO_behav

****** Webtalk v2018.3 (64-bit)
  **** SW Build 2405991 on Thu Dec  6 23:38:27 MST 2018
  **** IP Build 2404404 on Fri Dec  7 01:43:56 MST 2018
    ** Copyright 1986-2018 Xilinx, Inc. All Rights Reserved.

source C:/Users/marco/Desktop/Progetti_Vivado/SIPO_Register/SIPO_Register.sim/sim_1/behav/xsim/xsim.dir/SIPO_behav/webtalk/xsim_webtalk.tcl -notrace
INFO: [Common 17-206] Exiting Webtalk at Tue Dec 26 15:48:05 2023...
INFO: [USF-XSim-69] 'elaborate' step finished in '4' seconds
INFO: [USF-XSim-4] XSim::Simulate design
INFO: [USF-XSim-61] Executing 'SIMULATE' step in 'C:/Users/marco/Desktop/Progetti_Vivado/SIPO_Register/SIPO_Register.sim/sim_1/behav/xsim'
INFO: [USF-XSim-98] *** Running xsim
   with args "SIPO_behav -key {Behavioral:sim_1:Functional:SIPO} -tclbatch {SIPO.tcl} -log {simulate.log}"
INFO: [USF-XSim-8] Loading simulator feature
Vivado Simulator 2018.3
Time resolution is 1 ps
source SIPO.tcl
# set curr_wave [current_wave_config]
# if { [string length $curr_wave] == 0 } {
#   if { [llength [get_objects]] > 0} {
#     add_wave /
#     set_property needs_save false [current_wave_config]
#   } else {
#      send_msg_id Add_Wave-1 WARNING "No top level signals found. Simulator will start without a wave window. If you want to open a wave window go to 'File->New Waveform Configuration' or type 'create_wave_config' in the TCL console."
#   }
# }
# run 1000ns
INFO: [USF-XSim-96] XSim completed. Design snapshot 'SIPO_behav' loaded.
INFO: [USF-XSim-97] XSim simulation ran for 1000ns
launch_simulation: Time (s): cpu = 00:00:02 ; elapsed = 00:00:09 . Memory (MB): peak = 717.133 ; gain = 6.984
set_property SOURCE_SET sources_1 [get_filesets sim_1]
import_files -fileset sim_1 -norecurse C:/Users/marco/Desktop/Progetti_Vivado/SIPO_Register/02_-_ShiftRegisterSIPO/top_sim.vhd
update_compile_order -fileset sim_1
close_sim
INFO: [Simtcl 6-16] Simulation closed
launch_simulation
INFO: [Vivado 12-5682] Launching behavioral simulation in 'C:/Users/marco/Desktop/Progetti_Vivado/SIPO_Register/SIPO_Register.sim/sim_1/behav/xsim'
INFO: [SIM-utils-51] Simulation object is 'sim_1'
INFO: [SIM-utils-54] Inspecting design source files for 'SIPO' in fileset 'sim_1'...
INFO: [USF-XSim-97] Finding global include files...
INFO: [USF-XSim-98] Fetching design files from 'sim_1'...
INFO: [USF-XSim-2] XSim::Compile design
INFO: [USF-XSim-61] Executing 'COMPILE and ANALYZE' step in 'C:/Users/marco/Desktop/Progetti_Vivado/SIPO_Register/SIPO_Register.sim/sim_1/behav/xsim'
"xvhdl --incr --relax -prj SIPO_vhdl.prj"
INFO: [USF-XSim-69] 'compile' step finished in '1' seconds
INFO: [USF-XSim-3] XSim::Elaborate design
INFO: [USF-XSim-61] Executing 'ELABORATE' step in 'C:/Users/marco/Desktop/Progetti_Vivado/SIPO_Register/SIPO_Register.sim/sim_1/behav/xsim'
Vivado Simulator 2018.3
Copyright 1986-1999, 2001-2018 Xilinx, Inc. All Rights Reserved.
Running: C:/Xilinx/Vivado/2018.3/bin/unwrapped/win64.o/xelab.exe -wto 21f7546921364cfa9fddd401da848a2d --incr --debug typical --relax --mt 2 -L xil_defaultlib -L secureip --snapshot SIPO_behav xil_defaultlib.SIPO -log elaborate.log 
Using 2 slave threads.
Starting static elaboration
Completed static elaboration
INFO: [XSIM 43-4323] No Change in HDL. Linking previously generated obj files to create kernel
INFO: [USF-XSim-69] 'elaborate' step finished in '1' seconds
INFO: [USF-XSim-4] XSim::Simulate design
INFO: [USF-XSim-61] Executing 'SIMULATE' step in 'C:/Users/marco/Desktop/Progetti_Vivado/SIPO_Register/SIPO_Register.sim/sim_1/behav/xsim'
INFO: [USF-XSim-98] *** Running xsim
   with args "SIPO_behav -key {Behavioral:sim_1:Functional:SIPO} -tclbatch {SIPO.tcl} -log {simulate.log}"
INFO: [USF-XSim-8] Loading simulator feature
Vivado Simulator 2018.3
Time resolution is 1 ps
source SIPO.tcl
# set curr_wave [current_wave_config]
# if { [string length $curr_wave] == 0 } {
#   if { [llength [get_objects]] > 0} {
#     add_wave /
#     set_property needs_save false [current_wave_config]
#   } else {
#      send_msg_id Add_Wave-1 WARNING "No top level signals found. Simulator will start without a wave window. If you want to open a wave window go to 'File->New Waveform Configuration' or type 'create_wave_config' in the TCL console."
#   }
# }
# run 1000ns
INFO: [USF-XSim-96] XSim completed. Design snapshot 'SIPO_behav' loaded.
INFO: [USF-XSim-97] XSim simulation ran for 1000ns
reset_run synth_1
WARNING: [Vivado 12-1017] Problems encountered:
1. Failed to delete one or more files in run directory C:/Users/marco/Desktop/Progetti_Vivado/SIPO_Register/SIPO_Register.runs/synth_1

launch_runs synth_1 -jobs 4
[Tue Dec 26 15:50:42 2023] Launched synth_1...
Run output will be captured here: C:/Users/marco/Desktop/Progetti_Vivado/SIPO_Register/SIPO_Register.runs/synth_1/runme.log
reset_run synth_1
WARNING: [Vivado 12-1017] Problems encountered:
1. Failed to delete one or more files in run directory C:/Users/marco/Desktop/Progetti_Vivado/SIPO_Register/SIPO_Register.runs/synth_1

launch_runs synth_1 -jobs 4
[Tue Dec 26 16:09:41 2023] Launched synth_1...
Run output will be captured here: C:/Users/marco/Desktop/Progetti_Vivado/SIPO_Register/SIPO_Register.runs/synth_1/runme.log
update_compile_order -fileset sim_1
launch_simulation
INFO: [Vivado 12-5682] Launching behavioral simulation in 'C:/Users/marco/Desktop/Progetti_Vivado/SIPO_Register/SIPO_Register.sim/sim_1/behav/xsim'
INFO: [SIM-utils-51] Simulation object is 'sim_1'
INFO: [SIM-utils-54] Inspecting design source files for 'top_sim' in fileset 'sim_1'...
INFO: [USF-XSim-97] Finding global include files...
INFO: [USF-XSim-98] Fetching design files from 'sim_1'...
INFO: [USF-XSim-2] XSim::Compile design
INFO: [USF-XSim-61] Executing 'COMPILE and ANALYZE' step in 'C:/Users/marco/Desktop/Progetti_Vivado/SIPO_Register/SIPO_Register.sim/sim_1/behav/xsim'
"xvhdl --incr --relax -prj top_sim_vhdl.prj"
INFO: [VRFC 10-163] Analyzing VHDL file "C:/Users/marco/Desktop/Progetti_Vivado/SIPO_Register/SIPO_Register.srcs/sources_1/new/SIPO.vhd" into library xil_defaultlib
INFO: [VRFC 10-3107] analyzing entity 'SIPO'
INFO: [VRFC 10-163] Analyzing VHDL file "C:/Users/marco/Desktop/Progetti_Vivado/SIPO_Register/SIPO_Register.srcs/sim_1/imports/02_-_ShiftRegisterSIPO/top_sim.vhd" into library xil_defaultlib
INFO: [VRFC 10-3107] analyzing entity 'top_sim'
INFO: [USF-XSim-69] 'compile' step finished in '1' seconds
INFO: [USF-XSim-3] XSim::Elaborate design
INFO: [USF-XSim-61] Executing 'ELABORATE' step in 'C:/Users/marco/Desktop/Progetti_Vivado/SIPO_Register/SIPO_Register.sim/sim_1/behav/xsim'
Vivado Simulator 2018.3
Copyright 1986-1999, 2001-2018 Xilinx, Inc. All Rights Reserved.
Running: C:/Xilinx/Vivado/2018.3/bin/unwrapped/win64.o/xelab.exe -wto 21f7546921364cfa9fddd401da848a2d --incr --debug typical --relax --mt 2 -L xil_defaultlib -L secureip --snapshot top_sim_behav xil_defaultlib.top_sim -log elaborate.log 
Using 2 slave threads.
Starting static elaboration
Completed static elaboration
Starting simulation data flow analysis
Completed simulation data flow analysis
Time Resolution for simulation is 1ps
Compiling package std.standard
Compiling package std.textio
Compiling package ieee.std_logic_1164
Compiling architecture behavioral of entity xil_defaultlib.ff_d [ff_d_default]
Compiling architecture behavioral of entity xil_defaultlib.SIPO [\SIPO(sr_width=4)\]
Compiling architecture behavioral of entity xil_defaultlib.top_sim
Built simulation snapshot top_sim_behav

****** Webtalk v2018.3 (64-bit)
  **** SW Build 2405991 on Thu Dec  6 23:38:27 MST 2018
  **** IP Build 2404404 on Fri Dec  7 01:43:56 MST 2018
    ** Copyright 1986-2018 Xilinx, Inc. All Rights Reserved.

source C:/Users/marco/Desktop/Progetti_Vivado/SIPO_Register/SIPO_Register.sim/sim_1/behav/xsim/xsim.dir/top_sim_behav/webtalk/xsim_webtalk.tcl -notrace
INFO: [Common 17-206] Exiting Webtalk at Tue Dec 26 16:10:07 2023...
INFO: [USF-XSim-69] 'elaborate' step finished in '3' seconds
INFO: [USF-XSim-4] XSim::Simulate design
INFO: [USF-XSim-61] Executing 'SIMULATE' step in 'C:/Users/marco/Desktop/Progetti_Vivado/SIPO_Register/SIPO_Register.sim/sim_1/behav/xsim'
INFO: [USF-XSim-98] *** Running xsim
   with args "top_sim_behav -key {Behavioral:sim_1:Functional:top_sim} -tclbatch {top_sim.tcl} -log {simulate.log}"
INFO: [USF-XSim-8] Loading simulator feature
Vivado Simulator 2018.3
Time resolution is 1 ps
source top_sim.tcl
# set curr_wave [current_wave_config]
# if { [string length $curr_wave] == 0 } {
#   if { [llength [get_objects]] > 0} {
#     add_wave /
#     set_property needs_save false [current_wave_config]
#   } else {
#      send_msg_id Add_Wave-1 WARNING "No top level signals found. Simulator will start without a wave window. If you want to open a wave window go to 'File->New Waveform Configuration' or type 'create_wave_config' in the TCL console."
#   }
# }
# run 1000ns
INFO: [USF-XSim-96] XSim completed. Design snapshot 'top_sim_behav' loaded.
INFO: [USF-XSim-97] XSim simulation ran for 1000ns
launch_simulation: Time (s): cpu = 00:00:00 ; elapsed = 00:00:05 . Memory (MB): peak = 741.039 ; gain = 5.699
reset_run synth_1
WARNING: [Vivado 12-1017] Problems encountered:
1. Failed to delete one or more files in run directory C:/Users/marco/Desktop/Progetti_Vivado/SIPO_Register/SIPO_Register.runs/synth_1

launch_runs synth_1 -jobs 4
[Tue Dec 26 16:12:45 2023] Launched synth_1...
Run output will be captured here: C:/Users/marco/Desktop/Progetti_Vivado/SIPO_Register/SIPO_Register.runs/synth_1/runme.log
reset_run synth_1
WARNING: [Vivado 12-1017] Problems encountered:
1. Failed to delete one or more files in run directory C:/Users/marco/Desktop/Progetti_Vivado/SIPO_Register/SIPO_Register.runs/synth_1

launch_runs synth_1 -jobs 4
[Tue Dec 26 16:15:52 2023] Launched synth_1...
Run output will be captured here: C:/Users/marco/Desktop/Progetti_Vivado/SIPO_Register/SIPO_Register.runs/synth_1/runme.log
close_sim
INFO: [Simtcl 6-16] Simulation closed
launch_simulation
INFO: [Vivado 12-5682] Launching behavioral simulation in 'C:/Users/marco/Desktop/Progetti_Vivado/SIPO_Register/SIPO_Register.sim/sim_1/behav/xsim'
INFO: [SIM-utils-51] Simulation object is 'sim_1'
INFO: [SIM-utils-54] Inspecting design source files for 'top_sim' in fileset 'sim_1'...
INFO: [USF-XSim-97] Finding global include files...
INFO: [USF-XSim-98] Fetching design files from 'sim_1'...
INFO: [USF-XSim-2] XSim::Compile design
INFO: [USF-XSim-61] Executing 'COMPILE and ANALYZE' step in 'C:/Users/marco/Desktop/Progetti_Vivado/SIPO_Register/SIPO_Register.sim/sim_1/behav/xsim'
"xvhdl --incr --relax -prj top_sim_vhdl.prj"
INFO: [VRFC 10-163] Analyzing VHDL file "C:/Users/marco/Desktop/Progetti_Vivado/SIPO_Register/SIPO_Register.srcs/sources_1/new/SIPO.vhd" into library xil_defaultlib
INFO: [VRFC 10-3107] analyzing entity 'SIPO'
INFO: [USF-XSim-69] 'compile' step finished in '1' seconds
INFO: [USF-XSim-3] XSim::Elaborate design
INFO: [USF-XSim-61] Executing 'ELABORATE' step in 'C:/Users/marco/Desktop/Progetti_Vivado/SIPO_Register/SIPO_Register.sim/sim_1/behav/xsim'
Vivado Simulator 2018.3
Copyright 1986-1999, 2001-2018 Xilinx, Inc. All Rights Reserved.
Running: C:/Xilinx/Vivado/2018.3/bin/unwrapped/win64.o/xelab.exe -wto 21f7546921364cfa9fddd401da848a2d --incr --debug typical --relax --mt 2 -L xil_defaultlib -L secureip --snapshot top_sim_behav xil_defaultlib.top_sim -log elaborate.log 
Using 2 slave threads.
Starting static elaboration
Completed static elaboration
Starting simulation data flow analysis
Completed simulation data flow analysis
Time Resolution for simulation is 1ps
Compiling package std.standard
Compiling package std.textio
Compiling package ieee.std_logic_1164
Compiling architecture behavioral of entity xil_defaultlib.ff_d [ff_d_default]
Compiling architecture behavioral of entity xil_defaultlib.SIPO [\SIPO(sr_width=4)\]
Compiling architecture behavioral of entity xil_defaultlib.top_sim
Built simulation snapshot top_sim_behav
INFO: [USF-XSim-69] 'elaborate' step finished in '1' seconds
INFO: [USF-XSim-4] XSim::Simulate design
INFO: [USF-XSim-61] Executing 'SIMULATE' step in 'C:/Users/marco/Desktop/Progetti_Vivado/SIPO_Register/SIPO_Register.sim/sim_1/behav/xsim'
INFO: [USF-XSim-98] *** Running xsim
   with args "top_sim_behav -key {Behavioral:sim_1:Functional:top_sim} -tclbatch {top_sim.tcl} -log {simulate.log}"
INFO: [USF-XSim-8] Loading simulator feature
Vivado Simulator 2018.3
Time resolution is 1 ps
source top_sim.tcl
# set curr_wave [current_wave_config]
# if { [string length $curr_wave] == 0 } {
#   if { [llength [get_objects]] > 0} {
#     add_wave /
#     set_property needs_save false [current_wave_config]
#   } else {
#      send_msg_id Add_Wave-1 WARNING "No top level signals found. Simulator will start without a wave window. If you want to open a wave window go to 'File->New Waveform Configuration' or type 'create_wave_config' in the TCL console."
#   }
# }
# run 1000ns
INFO: [USF-XSim-96] XSim completed. Design snapshot 'top_sim_behav' loaded.
INFO: [USF-XSim-97] XSim simulation ran for 1000ns
close_sim
INFO: [Simtcl 6-16] Simulation closed
launch_simulation
INFO: [Vivado 12-5682] Launching behavioral simulation in 'C:/Users/marco/Desktop/Progetti_Vivado/SIPO_Register/SIPO_Register.sim/sim_1/behav/xsim'
INFO: [SIM-utils-51] Simulation object is 'sim_1'
INFO: [SIM-utils-54] Inspecting design source files for 'top_sim' in fileset 'sim_1'...
INFO: [USF-XSim-97] Finding global include files...
INFO: [USF-XSim-98] Fetching design files from 'sim_1'...
INFO: [USF-XSim-2] XSim::Compile design
INFO: [USF-XSim-61] Executing 'COMPILE and ANALYZE' step in 'C:/Users/marco/Desktop/Progetti_Vivado/SIPO_Register/SIPO_Register.sim/sim_1/behav/xsim'
"xvhdl --incr --relax -prj top_sim_vhdl.prj"
INFO: [VRFC 10-163] Analyzing VHDL file "C:/Users/marco/Desktop/Progetti_Vivado/SIPO_Register/SIPO_Register.srcs/sources_1/new/SIPO.vhd" into library xil_defaultlib
INFO: [VRFC 10-3107] analyzing entity 'SIPO'
INFO: [USF-XSim-69] 'compile' step finished in '1' seconds
INFO: [USF-XSim-3] XSim::Elaborate design
INFO: [USF-XSim-61] Executing 'ELABORATE' step in 'C:/Users/marco/Desktop/Progetti_Vivado/SIPO_Register/SIPO_Register.sim/sim_1/behav/xsim'
Vivado Simulator 2018.3
Copyright 1986-1999, 2001-2018 Xilinx, Inc. All Rights Reserved.
Running: C:/Xilinx/Vivado/2018.3/bin/unwrapped/win64.o/xelab.exe -wto 21f7546921364cfa9fddd401da848a2d --incr --debug typical --relax --mt 2 -L xil_defaultlib -L secureip --snapshot top_sim_behav xil_defaultlib.top_sim -log elaborate.log 
Using 2 slave threads.
Starting static elaboration
Completed static elaboration
Starting simulation data flow analysis
Completed simulation data flow analysis
Time Resolution for simulation is 1ps
Compiling package std.standard
Compiling package std.textio
Compiling package ieee.std_logic_1164
Compiling architecture behavioral of entity xil_defaultlib.ff_d [ff_d_default]
Compiling architecture behavioral of entity xil_defaultlib.SIPO [sipo_default]
Compiling architecture behavioral of entity xil_defaultlib.top_sim
Built simulation snapshot top_sim_behav
INFO: [USF-XSim-69] 'elaborate' step finished in '1' seconds
INFO: [USF-XSim-4] XSim::Simulate design
INFO: [USF-XSim-61] Executing 'SIMULATE' step in 'C:/Users/marco/Desktop/Progetti_Vivado/SIPO_Register/SIPO_Register.sim/sim_1/behav/xsim'
INFO: [USF-XSim-98] *** Running xsim
   with args "top_sim_behav -key {Behavioral:sim_1:Functional:top_sim} -tclbatch {top_sim.tcl} -log {simulate.log}"
INFO: [USF-XSim-8] Loading simulator feature
Vivado Simulator 2018.3
Time resolution is 1 ps
source top_sim.tcl
# set curr_wave [current_wave_config]
# if { [string length $curr_wave] == 0 } {
#   if { [llength [get_objects]] > 0} {
#     add_wave /
#     set_property needs_save false [current_wave_config]
#   } else {
#      send_msg_id Add_Wave-1 WARNING "No top level signals found. Simulator will start without a wave window. If you want to open a wave window go to 'File->New Waveform Configuration' or type 'create_wave_config' in the TCL console."
#   }
# }
# run 1000ns
INFO: [USF-XSim-96] XSim completed. Design snapshot 'top_sim_behav' loaded.
INFO: [USF-XSim-97] XSim simulation ran for 1000ns
synth_design -rtl -name rtl_1
Command: synth_design -rtl -name rtl_1
Starting synth_design
Using part: xc7a12ticsg325-1L
Top: SIPO
---------------------------------------------------------------------------------
Starting RTL Elaboration : Time (s): cpu = 00:00:01 ; elapsed = 00:00:02 . Memory (MB): peak = 837.809 ; gain = 76.633
---------------------------------------------------------------------------------
INFO: [Synth 8-638] synthesizing module 'SIPO' [C:/Users/marco/Desktop/Progetti_Vivado/SIPO_Register/SIPO_Register.srcs/sources_1/new/SIPO.vhd:20]
	Parameter SR_WIDTH bound to: 4 - type: integer 
INFO: [Synth 8-3491] module 'ff_d' declared at 'C:/Users/marco/Desktop/Progetti_Vivado/SIPO_Register/SIPO_Register.srcs/sources_1/imports/02_-_ShiftRegisterSIPO/ff_d.vhd:4' bound to instance 'ff_dx' of component 'ff_d' [C:/Users/marco/Desktop/Progetti_Vivado/SIPO_Register/SIPO_Register.srcs/sources_1/new/SIPO.vhd:42]
INFO: [Synth 8-638] synthesizing module 'ff_d' [C:/Users/marco/Desktop/Progetti_Vivado/SIPO_Register/SIPO_Register.srcs/sources_1/imports/02_-_ShiftRegisterSIPO/ff_d.vhd:14]
INFO: [Synth 8-256] done synthesizing module 'ff_d' (1#1) [C:/Users/marco/Desktop/Progetti_Vivado/SIPO_Register/SIPO_Register.srcs/sources_1/imports/02_-_ShiftRegisterSIPO/ff_d.vhd:14]
INFO: [Synth 8-3491] module 'ff_d' declared at 'C:/Users/marco/Desktop/Progetti_Vivado/SIPO_Register/SIPO_Register.srcs/sources_1/imports/02_-_ShiftRegisterSIPO/ff_d.vhd:4' bound to instance 'ff_dx' of component 'ff_d' [C:/Users/marco/Desktop/Progetti_Vivado/SIPO_Register/SIPO_Register.srcs/sources_1/new/SIPO.vhd:42]
INFO: [Synth 8-3491] module 'ff_d' declared at 'C:/Users/marco/Desktop/Progetti_Vivado/SIPO_Register/SIPO_Register.srcs/sources_1/imports/02_-_ShiftRegisterSIPO/ff_d.vhd:4' bound to instance 'ff_dx' of component 'ff_d' [C:/Users/marco/Desktop/Progetti_Vivado/SIPO_Register/SIPO_Register.srcs/sources_1/new/SIPO.vhd:42]
INFO: [Synth 8-3491] module 'ff_d' declared at 'C:/Users/marco/Desktop/Progetti_Vivado/SIPO_Register/SIPO_Register.srcs/sources_1/imports/02_-_ShiftRegisterSIPO/ff_d.vhd:4' bound to instance 'ff_dx' of component 'ff_d' [C:/Users/marco/Desktop/Progetti_Vivado/SIPO_Register/SIPO_Register.srcs/sources_1/new/SIPO.vhd:42]
INFO: [Synth 8-256] done synthesizing module 'SIPO' (2#1) [C:/Users/marco/Desktop/Progetti_Vivado/SIPO_Register/SIPO_Register.srcs/sources_1/new/SIPO.vhd:20]
---------------------------------------------------------------------------------
Finished RTL Elaboration : Time (s): cpu = 00:00:01 ; elapsed = 00:00:02 . Memory (MB): peak = 880.375 ; gain = 119.199
---------------------------------------------------------------------------------

Report Check Netlist: 
+------+------------------+-------+---------+-------+------------------+
|      |Item              |Errors |Warnings |Status |Description       |
+------+------------------+-------+---------+-------+------------------+
|1     |multi_driven_nets |      0|        0|Passed |Multi driven nets |
+------+------------------+-------+---------+-------+------------------+
---------------------------------------------------------------------------------
Start Handling Custom Attributes
---------------------------------------------------------------------------------
---------------------------------------------------------------------------------
Finished Handling Custom Attributes : Time (s): cpu = 00:00:01 ; elapsed = 00:00:02 . Memory (MB): peak = 880.375 ; gain = 119.199
---------------------------------------------------------------------------------
---------------------------------------------------------------------------------
Finished RTL Optimization Phase 1 : Time (s): cpu = 00:00:01 ; elapsed = 00:00:02 . Memory (MB): peak = 880.375 ; gain = 119.199
---------------------------------------------------------------------------------
INFO: [Device 21-403] Loading part xc7a12ticsg325-1L
INFO: [Project 1-570] Preparing netlist for logic optimization

Processing XDC Constraints
Initializing timing engine
Completed Processing XDC Constraints

INFO: [Opt 31-138] Pushed 0 inverter(s) to 0 load pin(s).
Netlist sorting complete. Time (s): cpu = 00:00:00 ; elapsed = 00:00:00 . Memory (MB): peak = 1116.902 ; gain = 0.000
INFO: [Project 1-111] Unisim Transformation Summary:
No Unisim elements were transformed.

RTL Elaboration Complete:  : Time (s): cpu = 00:00:07 ; elapsed = 00:00:09 . Memory (MB): peak = 1228.043 ; gain = 466.867
12 Infos, 0 Warnings, 0 Critical Warnings and 0 Errors encountered.
synth_design completed successfully
synth_design: Time (s): cpu = 00:00:07 ; elapsed = 00:00:09 . Memory (MB): peak = 1228.043 ; gain = 466.867
reset_run synth_1
WARNING: [Vivado 12-1017] Problems encountered:
1. Failed to delete one or more files in run directory C:/Users/marco/Desktop/Progetti_Vivado/SIPO_Register/SIPO_Register.runs/synth_1

launch_runs synth_1 -jobs 4
[Tue Dec 26 16:24:48 2023] Launched synth_1...
Run output will be captured here: C:/Users/marco/Desktop/Progetti_Vivado/SIPO_Register/SIPO_Register.runs/synth_1/runme.log
reset_run synth_1
WARNING: [Vivado 12-1017] Problems encountered:
1. Failed to delete one or more files in run directory C:/Users/marco/Desktop/Progetti_Vivado/SIPO_Register/SIPO_Register.runs/synth_1

launch_runs synth_1 -jobs 4
[Tue Dec 26 16:25:12 2023] Launched synth_1...
Run output will be captured here: C:/Users/marco/Desktop/Progetti_Vivado/SIPO_Register/SIPO_Register.runs/synth_1/runme.log
close_sim
INFO: [Simtcl 6-16] Simulation closed
launch_simulation
INFO: [Vivado 12-5682] Launching behavioral simulation in 'C:/Users/marco/Desktop/Progetti_Vivado/SIPO_Register/SIPO_Register.sim/sim_1/behav/xsim'
INFO: [SIM-utils-51] Simulation object is 'sim_1'
INFO: [SIM-utils-54] Inspecting design source files for 'top_sim' in fileset 'sim_1'...
INFO: [USF-XSim-97] Finding global include files...
INFO: [USF-XSim-98] Fetching design files from 'sim_1'...
INFO: [USF-XSim-2] XSim::Compile design
INFO: [USF-XSim-61] Executing 'COMPILE and ANALYZE' step in 'C:/Users/marco/Desktop/Progetti_Vivado/SIPO_Register/SIPO_Register.sim/sim_1/behav/xsim'
"xvhdl --incr --relax -prj top_sim_vhdl.prj"
INFO: [VRFC 10-163] Analyzing VHDL file "C:/Users/marco/Desktop/Progetti_Vivado/SIPO_Register/SIPO_Register.srcs/sources_1/new/SIPO.vhd" into library xil_defaultlib
INFO: [VRFC 10-3107] analyzing entity 'SIPO'
INFO: [USF-XSim-69] 'compile' step finished in '1' seconds
INFO: [USF-XSim-3] XSim::Elaborate design
INFO: [USF-XSim-61] Executing 'ELABORATE' step in 'C:/Users/marco/Desktop/Progetti_Vivado/SIPO_Register/SIPO_Register.sim/sim_1/behav/xsim'
Vivado Simulator 2018.3
Copyright 1986-1999, 2001-2018 Xilinx, Inc. All Rights Reserved.
Running: C:/Xilinx/Vivado/2018.3/bin/unwrapped/win64.o/xelab.exe -wto 21f7546921364cfa9fddd401da848a2d --incr --debug typical --relax --mt 2 -L xil_defaultlib -L secureip --snapshot top_sim_behav xil_defaultlib.top_sim -log elaborate.log 
Using 2 slave threads.
Starting static elaboration
Completed static elaboration
Starting simulation data flow analysis
Completed simulation data flow analysis
Time Resolution for simulation is 1ps
Compiling package std.standard
Compiling package std.textio
Compiling package ieee.std_logic_1164
Compiling architecture behavioral of entity xil_defaultlib.ff_d [ff_d_default]
Compiling architecture behavioral of entity xil_defaultlib.SIPO [\SIPO(sr_width=4)\]
Compiling architecture behavioral of entity xil_defaultlib.top_sim
Built simulation snapshot top_sim_behav
INFO: [USF-XSim-69] 'elaborate' step finished in '1' seconds
INFO: [USF-XSim-4] XSim::Simulate design
INFO: [USF-XSim-61] Executing 'SIMULATE' step in 'C:/Users/marco/Desktop/Progetti_Vivado/SIPO_Register/SIPO_Register.sim/sim_1/behav/xsim'
INFO: [USF-XSim-98] *** Running xsim
   with args "top_sim_behav -key {Behavioral:sim_1:Functional:top_sim} -tclbatch {top_sim.tcl} -log {simulate.log}"
INFO: [USF-XSim-8] Loading simulator feature
Vivado Simulator 2018.3
Time resolution is 1 ps
source top_sim.tcl
# set curr_wave [current_wave_config]
# if { [string length $curr_wave] == 0 } {
#   if { [llength [get_objects]] > 0} {
#     add_wave /
#     set_property needs_save false [current_wave_config]
#   } else {
#      send_msg_id Add_Wave-1 WARNING "No top level signals found. Simulator will start without a wave window. If you want to open a wave window go to 'File->New Waveform Configuration' or type 'create_wave_config' in the TCL console."
#   }
# }
# run 1000ns
INFO: [USF-XSim-96] XSim completed. Design snapshot 'top_sim_behav' loaded.
INFO: [USF-XSim-97] XSim simulation ran for 1000ns
reset_run synth_1
WARNING: [Vivado 12-1017] Problems encountered:
1. Failed to delete one or more files in run directory C:/Users/marco/Desktop/Progetti_Vivado/SIPO_Register/SIPO_Register.runs/synth_1

launch_runs synth_1 -jobs 4
[Tue Dec 26 16:29:13 2023] Launched synth_1...
Run output will be captured here: C:/Users/marco/Desktop/Progetti_Vivado/SIPO_Register/SIPO_Register.runs/synth_1/runme.log
close_sim
INFO: [Simtcl 6-16] Simulation closed
launch_simulation
INFO: [Vivado 12-5682] Launching behavioral simulation in 'C:/Users/marco/Desktop/Progetti_Vivado/SIPO_Register/SIPO_Register.sim/sim_1/behav/xsim'
INFO: [SIM-utils-51] Simulation object is 'sim_1'
INFO: [SIM-utils-54] Inspecting design source files for 'top_sim' in fileset 'sim_1'...
INFO: [USF-XSim-97] Finding global include files...
INFO: [USF-XSim-98] Fetching design files from 'sim_1'...
INFO: [USF-XSim-2] XSim::Compile design
INFO: [USF-XSim-61] Executing 'COMPILE and ANALYZE' step in 'C:/Users/marco/Desktop/Progetti_Vivado/SIPO_Register/SIPO_Register.sim/sim_1/behav/xsim'
"xvhdl --incr --relax -prj top_sim_vhdl.prj"
INFO: [VRFC 10-163] Analyzing VHDL file "C:/Users/marco/Desktop/Progetti_Vivado/SIPO_Register/SIPO_Register.srcs/sources_1/new/SIPO.vhd" into library xil_defaultlib
INFO: [VRFC 10-3107] analyzing entity 'SIPO'
INFO: [USF-XSim-69] 'compile' step finished in '1' seconds
INFO: [USF-XSim-3] XSim::Elaborate design
INFO: [USF-XSim-61] Executing 'ELABORATE' step in 'C:/Users/marco/Desktop/Progetti_Vivado/SIPO_Register/SIPO_Register.sim/sim_1/behav/xsim'
Vivado Simulator 2018.3
Copyright 1986-1999, 2001-2018 Xilinx, Inc. All Rights Reserved.
Running: C:/Xilinx/Vivado/2018.3/bin/unwrapped/win64.o/xelab.exe -wto 21f7546921364cfa9fddd401da848a2d --incr --debug typical --relax --mt 2 -L xil_defaultlib -L secureip --snapshot top_sim_behav xil_defaultlib.top_sim -log elaborate.log 
Using 2 slave threads.
Starting static elaboration
Completed static elaboration
Starting simulation data flow analysis
Completed simulation data flow analysis
Time Resolution for simulation is 1ps
Compiling package std.standard
Compiling package std.textio
Compiling package ieee.std_logic_1164
Compiling architecture behavioral of entity xil_defaultlib.ff_d [ff_d_default]
Compiling architecture behavioral of entity xil_defaultlib.SIPO [sipo_default]
Compiling architecture behavioral of entity xil_defaultlib.top_sim
Built simulation snapshot top_sim_behav
INFO: [USF-XSim-69] 'elaborate' step finished in '1' seconds
INFO: [USF-XSim-4] XSim::Simulate design
INFO: [USF-XSim-61] Executing 'SIMULATE' step in 'C:/Users/marco/Desktop/Progetti_Vivado/SIPO_Register/SIPO_Register.sim/sim_1/behav/xsim'
INFO: [USF-XSim-98] *** Running xsim
   with args "top_sim_behav -key {Behavioral:sim_1:Functional:top_sim} -tclbatch {top_sim.tcl} -log {simulate.log}"
INFO: [USF-XSim-8] Loading simulator feature
Vivado Simulator 2018.3
Time resolution is 1 ps
source top_sim.tcl
# set curr_wave [current_wave_config]
# if { [string length $curr_wave] == 0 } {
#   if { [llength [get_objects]] > 0} {
#     add_wave /
#     set_property needs_save false [current_wave_config]
#   } else {
#      send_msg_id Add_Wave-1 WARNING "No top level signals found. Simulator will start without a wave window. If you want to open a wave window go to 'File->New Waveform Configuration' or type 'create_wave_config' in the TCL console."
#   }
# }
# run 1000ns
INFO: [USF-XSim-96] XSim completed. Design snapshot 'top_sim_behav' loaded.
INFO: [USF-XSim-97] XSim simulation ran for 1000ns
close_sim
INFO: [Simtcl 6-16] Simulation closed
close_sim
INFO: [Simtcl 6-16] Simulation closed
exit
INFO: [Common 17-206] Exiting Vivado at Tue Dec 26 16:31:30 2023...
