#-----------------------------------------------------------
# Vivado v2018.3 (64-bit)
# SW Build 2405991 on Thu Dec  6 23:38:27 MST 2018
# IP Build 2404404 on Fri Dec  7 01:43:56 MST 2018
# Start of session at: Sun Dec 24 11:13:31 2023
# Process ID: 10380
# Current directory: C:/Users/marco/Desktop/Progetti_Vivado/SIPO_Register
# Command line: vivado.exe -gui_launcher_event rodinguilauncherevent5644 C:\Users\marco\Desktop\Progetti_Vivado\SIPO_Register\SIPO_Register.xpr
# Log file: C:/Users/marco/Desktop/Progetti_Vivado/SIPO_Register/vivado.log
# Journal file: C:/Users/marco/Desktop/Progetti_Vivado/SIPO_Register\vivado.jou
#-----------------------------------------------------------
start_gui
open_project C:/Users/marco/Desktop/Progetti_Vivado/SIPO_Register/SIPO_Register.xpr
Scanning sources...
Finished scanning sources
INFO: [IP_Flow 19-234] Refreshing IP repositories
INFO: [IP_Flow 19-1704] No user IP repositories specified
INFO: [IP_Flow 19-2313] Loaded Vivado IP repository 'C:/Xilinx/Vivado/2018.3/data/ip'.
open_project: Time (s): cpu = 00:00:06 ; elapsed = 00:00:07 . Memory (MB): peak = 694.332 ; gain = 96.332
update_compile_order -fileset sources_1
exit
INFO: [Common 17-206] Exiting Vivado at Sun Dec 24 11:20:36 2023...
