#-----------------------------------------------------------
# Vivado v2018.3 (64-bit)
# SW Build 2405991 on Thu Dec  6 23:38:27 MST 2018
# IP Build 2404404 on Fri Dec  7 01:43:56 MST 2018
# Start of session at: Tue Nov 21 17:11:12 2023
# Process ID: 4356
# Current directory: C:/Users/marco/Desktop/Progetti_Vivado/ImgMatrix
# Command line: vivado.exe -gui_launcher_event rodinguilauncherevent14088 C:\Users\marco\Desktop\Progetti_Vivado\ImgMatrix\ImgMatrix.xpr
# Log file: C:/Users/marco/Desktop/Progetti_Vivado/ImgMatrix/vivado.log
# Journal file: C:/Users/marco/Desktop/Progetti_Vivado/ImgMatrix\vivado.jou
#-----------------------------------------------------------
start_gui
open_project C:/Users/marco/Desktop/Progetti_Vivado/ImgMatrix/ImgMatrix.xpr
Scanning sources...
Finished scanning sources
INFO: [IP_Flow 19-234] Refreshing IP repositories
INFO: [IP_Flow 19-1704] No user IP repositories specified
INFO: [IP_Flow 19-2313] Loaded Vivado IP repository 'C:/Xilinx/Vivado/2018.3/data/ip'.
open_project: Time (s): cpu = 00:00:04 ; elapsed = 00:00:07 . Memory (MB): peak = 648.234 ; gain = 78.188
update_compile_order -fileset sources_1
exit
INFO: [Common 17-206] Exiting Vivado at Tue Nov 21 17:23:17 2023...
