#-----------------------------------------------------------
# Vivado v2018.3 (64-bit)
# SW Build 2405991 on Thu Dec  6 23:38:27 MST 2018
# IP Build 2404404 on Fri Dec  7 01:43:56 MST 2018
# Start of session at: Tue Dec 26 16:31:45 2023
# Process ID: 19472
# Current directory: C:/Users/marco/Desktop/Progetti_Vivado/UpDown_Sync_Counter
# Command line: vivado.exe -gui_launcher_event rodinguilauncherevent23724 C:\Users\marco\Desktop\Progetti_Vivado\UpDown_Sync_Counter\UpDown_Sync_Counter.xpr
# Log file: C:/Users/marco/Desktop/Progetti_Vivado/UpDown_Sync_Counter/vivado.log
# Journal file: C:/Users/marco/Desktop/Progetti_Vivado/UpDown_Sync_Counter\vivado.jou
#-----------------------------------------------------------
start_gui
open_project C:/Users/marco/Desktop/Progetti_Vivado/UpDown_Sync_Counter/UpDown_Sync_Counter.xpr
Scanning sources...
Finished scanning sources
INFO: [IP_Flow 19-234] Refreshing IP repositories
INFO: [IP_Flow 19-1704] No user IP repositories specified
INFO: [IP_Flow 19-2313] Loaded Vivado IP repository 'C:/Xilinx/Vivado/2018.3/data/ip'.
update_compile_order -fileset sources_1
reset_run synth_1
launch_runs synth_1 -jobs 4
[Tue Dec 26 16:59:53 2023] Launched synth_1...
Run output will be captured here: C:/Users/marco/Desktop/Progetti_Vivado/UpDown_Sync_Counter/UpDown_Sync_Counter.runs/synth_1/runme.log
launch_simulation
INFO: [Vivado 12-5682] Launching behavioral simulation in 'C:/Users/marco/Desktop/Progetti_Vivado/UpDown_Sync_Counter/UpDown_Sync_Counter.sim/sim_1/behav/xsim'
INFO: [SIM-utils-51] Simulation object is 'sim_1'
INFO: [SIM-utils-54] Inspecting design source files for 'top_sim' in fileset 'sim_1'...
INFO: [USF-XSim-97] Finding global include files...
INFO: [USF-XSim-98] Fetching design files from 'sim_1'...
INFO: [USF-XSim-2] XSim::Compile design
INFO: [USF-XSim-61] Executing 'COMPILE and ANALYZE' step in 'C:/Users/marco/Desktop/Progetti_Vivado/UpDown_Sync_Counter/UpDown_Sync_Counter.sim/sim_1/behav/xsim'
"xvhdl --incr --relax -prj top_sim_vhdl.prj"
INFO: [VRFC 10-163] Analyzing VHDL file "C:/Users/marco/Desktop/Progetti_Vivado/UpDown_Sync_Counter/UpDown_Sync_Counter.srcs/sources_1/new/UpDown_Sync_Counter.vhd" into library xil_defaultlib
INFO: [VRFC 10-3107] analyzing entity 'UpDownSyncCounter'
INFO: [USF-XSim-69] 'compile' step finished in '1' seconds
INFO: [USF-XSim-3] XSim::Elaborate design
INFO: [USF-XSim-61] Executing 'ELABORATE' step in 'C:/Users/marco/Desktop/Progetti_Vivado/UpDown_Sync_Counter/UpDown_Sync_Counter.sim/sim_1/behav/xsim'
Vivado Simulator 2018.3
Copyright 1986-1999, 2001-2018 Xilinx, Inc. All Rights Reserved.
Running: C:/Xilinx/Vivado/2018.3/bin/unwrapped/win64.o/xelab.exe -wto 556918e8b39e40b6a44451de49b7a5f2 --incr --debug typical --relax --mt 2 -L xil_defaultlib -L secureip --snapshot top_sim_behav xil_defaultlib.top_sim -log elaborate.log 
Using 2 slave threads.
Starting static elaboration
Completed static elaboration
Starting simulation data flow analysis
Completed simulation data flow analysis
Time Resolution for simulation is 1ps
Compiling package std.standard
Compiling package std.textio
Compiling package ieee.std_logic_1164
Compiling package ieee.numeric_std
Compiling architecture behavioral of entity xil_defaultlib.ff_d [ff_d_default]
Compiling architecture behavioral of entity xil_defaultlib.UpDownSyncCounter [updownsynccounter_default]
Compiling architecture behavioral of entity xil_defaultlib.top_sim
Built simulation snapshot top_sim_behav

****** Webtalk v2018.3 (64-bit)
  **** SW Build 2405991 on Thu Dec  6 23:38:27 MST 2018
  **** IP Build 2404404 on Fri Dec  7 01:43:56 MST 2018
    ** Copyright 1986-2018 Xilinx, Inc. All Rights Reserved.

source C:/Users/marco/Desktop/Progetti_Vivado/UpDown_Sync_Counter/UpDown_Sync_Counter.sim/sim_1/behav/xsim/xsim.dir/top_sim_behav/webtalk/xsim_webtalk.tcl -notrace
INFO: [Common 17-206] Exiting Webtalk at Tue Dec 26 17:00:14 2023...
INFO: [USF-XSim-69] 'elaborate' step finished in '2' seconds
INFO: [USF-XSim-4] XSim::Simulate design
INFO: [USF-XSim-61] Executing 'SIMULATE' step in 'C:/Users/marco/Desktop/Progetti_Vivado/UpDown_Sync_Counter/UpDown_Sync_Counter.sim/sim_1/behav/xsim'
INFO: [USF-XSim-98] *** Running xsim
   with args "top_sim_behav -key {Behavioral:sim_1:Functional:top_sim} -tclbatch {top_sim.tcl} -log {simulate.log}"
INFO: [USF-XSim-8] Loading simulator feature
Vivado Simulator 2018.3
Time resolution is 1 ps
source top_sim.tcl
# set curr_wave [current_wave_config]
# if { [string length $curr_wave] == 0 } {
#   if { [llength [get_objects]] > 0} {
#     add_wave /
#     set_property needs_save false [current_wave_config]
#   } else {
#      send_msg_id Add_Wave-1 WARNING "No top level signals found. Simulator will start without a wave window. If you want to open a wave window go to 'File->New Waveform Configuration' or type 'create_wave_config' in the TCL console."
#   }
# }
# run 1000ns
INFO: [USF-XSim-96] XSim completed. Design snapshot 'top_sim_behav' loaded.
INFO: [USF-XSim-97] XSim simulation ran for 1000ns
launch_simulation: Time (s): cpu = 00:00:02 ; elapsed = 00:00:06 . Memory (MB): peak = 764.656 ; gain = 3.105
close_sim
INFO: [Simtcl 6-16] Simulation closed
exit
INFO: [Common 17-206] Exiting Vivado at Tue Dec 26 17:08:02 2023...
